0 info it worked if it ends with ok
1 verbose cli [ '/usr/bin/nodejs', '/usr/bin/npm', 'publish' ]
2 info using npm@1.4.21
3 info using node@v0.10.25
4 verbose publish [ '.' ]
5 error Error: Invalid version: "1.0"
5 error     at Object.module.exports.fixVersionField (/usr/lib/nodejs/normalize-package-data/lib/fixer.js:178:13)
5 error     at /usr/lib/nodejs/normalize-package-data/lib/normalize.js:29:38
5 error     at Array.forEach (native)
5 error     at normalize (/usr/lib/nodejs/normalize-package-data/lib/normalize.js:28:15)
5 error     at final (/usr/lib/nodejs/read-package-json/read-json.js:342:33)
5 error     at then (/usr/lib/nodejs/read-package-json/read-json.js:126:33)
5 error     at /usr/lib/nodejs/read-package-json/read-json.js:331:40
5 error     at evalmachine.<anonymous>:268:14
5 error     at /usr/lib/nodejs/graceful-fs/graceful-fs.js:102:5
5 error     at Object.oncomplete (evalmachine.<anonymous>:107:15)
6 error If you need help, you may report this *entire* log,
6 error including the npm and node versions, at:
6 error     <http://github.com/npm/npm/issues>
7 error System Linux 3.16.0-34-generic
8 error command "/usr/bin/nodejs" "/usr/bin/npm" "publish"
9 error cwd /home/jeremy/websites/ts-worker/node_modules/node-dandelion
10 error node -v v0.10.25
11 error npm -v 1.4.21
12 verbose exit [ 1, true ]
